Microsoft HTML Help Compiler 4.74.8702

Compiling d:\Astro Projects\ASCOM Platform\HTML Help\Telescope Interface\doc\Telescope.chm


Compile time: 0 minutes, 3 seconds
87	Topics
545	Local links
6	Internet links
2	Graphics


Created d:\Astro Projects\ASCOM Platform\HTML Help\Telescope Interface\doc\Telescope.chm, 98,652 bytes
Compression decreased file by 285,372 bytes.
Microsoft HTML Help Compiler 4.74.8702

Compiling d:\Astro Projects\ASCOM Platform\HTML Help\Telescope Interface\doc\Telescope.chm


Compile time: 0 minutes, 3 seconds
88	Topics
552	Local links
6	Internet links
2	Graphics


Created d:\Astro Projects\ASCOM Platform\HTML Help\Telescope Interface\doc\Telescope.chm, 99,116 bytes
Compression decreased file by 288,108 bytes.
Microsoft HTML Help Compiler 4.74.8702

Compiling d:\Astro Projects\ASCOM Platform\HTML Help\Telescope Interface\doc\Telescope.chm


Compile time: 0 minutes, 3 seconds
88	Topics
557	Local links
6	Internet links
2	Graphics


Created d:\Astro Projects\ASCOM Platform\HTML Help\Telescope Interface\doc\Telescope.chm, 99,316 bytes
Compression decreased file by 288,357 bytes.
Microsoft HTML Help Compiler 4.74.8702

Compiling d:\Astro Projects\ASCOM Platform\HTML Help\Telescope Interface\doc\Telescope.chm


Compile time: 0 minutes, 3 seconds
89	Topics
564	Local links
6	Internet links
2	Graphics


Created d:\Astro Projects\ASCOM Platform\HTML Help\Telescope Interface\doc\Telescope.chm, 99,638 bytes
Compression decreased file by 290,679 bytes.
