<?xml version="1.0" encoding="utf-8"?>
<shfbBuild product="Sandcastle Help File Builder Utilities" version="1.8.0.3" projectFile="C:\Users\Tim\Visual Studio Projects\ASCOM PLatform 6.0 trunk\Help\ASCOMPlatform.shfbproj" started="11/03/2010 22:34:07">
<buildStep step="Initializing">
Loading and initializing plug-ins...
Hierarchical Table of Contents Version 1.8.0.3
Copyright &#169; 2007-2010, Eric Woodruff, All Rights Reserved
</buildStep>
<buildStep step="FindingTools">
Finding tools...
Found Sandcastle tools in 'C:\Program Files (x86)\Sandcastle\'
Searching for HTML Help 1 compiler...
Found HTML Help 1 compiler in 'C:\Program Files (x86)\HTML Help Workshop\'
</buildStep>
<buildStep step="ValidatingDocumentationSources">
Validating and copying documentation source information
Source: C:\Users\Tim\Visual Studio Projects\ASCOM PLatform 6.0 trunk\ASCOM.Astrometry\ASCOM.Astrometry\ASCOM.Astrometry.vbproj
    Found project 'C:\Users\Tim\Visual Studio Projects\ASCOM PLatform 6.0 trunk\ASCOM.Astrometry\ASCOM.Astrometry\ASCOM.Astrometry.vbproj'
Source: C:\Users\Tim\Visual Studio Projects\ASCOM PLatform 6.0 trunk\Interfaces\ASCOMExceptions\ASCOM.Exceptions.csproj
    Found project 'C:\Users\Tim\Visual Studio Projects\ASCOM PLatform 6.0 trunk\Interfaces\ASCOMExceptions\ASCOM.Exceptions.csproj'
Source: C:\Users\Tim\Visual Studio Projects\ASCOM PLatform 6.0 trunk\ASCOM.IConform\ASCOM.IConform\ASCOM.IConform.vbproj
    Found project 'C:\Users\Tim\Visual Studio Projects\ASCOM PLatform 6.0 trunk\ASCOM.IConform\ASCOM.IConform\ASCOM.IConform.vbproj'
Source: C:\Users\Tim\Visual Studio Projects\ASCOM PLatform 6.0 trunk\ASCOM.Utilities\ASCOM.Utilities\ASCOM.Utilities.vbproj
    Found project 'C:\Users\Tim\Visual Studio Projects\ASCOM PLatform 6.0 trunk\ASCOM.Utilities\ASCOM.Utilities\ASCOM.Utilities.vbproj'
Source: C:\Users\Tim\Visual Studio Projects\ASCOM PLatform 6.0 trunk\ASCOM.Astrometry\ASCOM.Astrometry\AstrometryNamespaceDocs.xml
Source: C:\Users\Tim\Visual Studio Projects\ASCOM PLatform 6.0 trunk\ASCOM.Utilities\ASCOM.Utilities\NamespaceDocumentation.xml

Parsing project files
    Last step completed in 00:00:00.1250
</buildStep>
<buildStep step="Failed">

SHFB: Error BE0040: Project assembly does not exist: C:\Users\Tim\Visual Studio Projects\ASCOM PLatform 6.0 trunk\ASCOM.Astrometry\ASCOM.Astrometry\bin\Debug\ASCOM.Astrometry.dll

</buildStep>
</shfbBuild>
