Microsoft HTML Help Compiler 4.74.8702

Compiling d:\Astro Projects\ASCOM Platform\HTML Help\Focuser Interface\doc\Focuser.chm

HHC5003: Error: Compilation failed while compiling FocuserfHOME.htm.


The following files were not compiled:
FocuserfHOME.htm
Microsoft HTML Help Compiler 4.74.8702

Compiling d:\Astro Projects\ASCOM Platform\HTML Help\Focuser Interface\doc\Focuser.chm


Compile time: 0 minutes, 1 second
19	Topics
55	Local links
4	Internet links
0	Graphics


Created d:\Astro Projects\ASCOM Platform\HTML Help\Focuser Interface\doc\Focuser.chm, 26,780 bytes
Compression decreased file by 31,305 bytes.
Microsoft HTML Help Compiler 4.74.8702

Compiling d:\Astro Projects\ASCOM Platform\HTML Help\Focuser Interface\doc\Focuser.chm


Compile time: 0 minutes, 1 second
20	Topics
63	Local links
4	Internet links
0	Graphics


Created d:\Astro Projects\ASCOM Platform\HTML Help\Focuser Interface\doc\Focuser.chm, 27,164 bytes
Compression decreased file by 32,894 bytes.
