Microsoft HTML Help Compiler 4.74.8702

Compiling d:\Astro Projects\ASCOM Platform\HTML Help\Telescope Interface\doc\Telescope.chm


Compile time: 0 minutes, 3 seconds
81	Topics
358	Local links
5	Internet links
1	Graphic


Created d:\Astro Projects\ASCOM Platform\HTML Help\Telescope Interface\doc\Telescope.chm, 86,300 bytes
Compression decreased file by 241,661 bytes.
Microsoft HTML Help Compiler 4.74.8702

Compiling d:\Astro Projects\ASCOM Platform\HTML Help\Telescope Interface\doc\Telescope.chm


Compile time: 0 minutes, 2 seconds
81	Topics
358	Local links
5	Internet links
1	Graphic


Created d:\Astro Projects\ASCOM Platform\HTML Help\Telescope Interface\doc\Telescope.chm, 87,244 bytes
Compression decreased file by 241,623 bytes.
Microsoft HTML Help Compiler 4.74.8702

Compiling d:\Astro Projects\ASCOM Platform\HTML Help\Telescope Interface\doc\Telescope.chm


Compile time: 0 minutes, 2 seconds
81	Topics
358	Local links
5	Internet links
1	Graphic


Created d:\Astro Projects\ASCOM Platform\HTML Help\Telescope Interface\doc\Telescope.chm, 87,310 bytes
Compression decreased file by 241,595 bytes.
HHC5010: Error: Cannot open "d:\Astro Projects\ASCOM Platform\HTML Help\Telescope Interface\doc\Telescope.chm". Compilation stopped.
